<?xml version="1.0" encoding="UTF-8"?>
<testng-results ignored="0" total="1" passed="1" failed="0" skipped="0">
  <reporter-output>
  </reporter-output>
  <suite started-at="2025-01-28T16:07:31 IST" name="Default suite" finished-at="2025-01-28T16:07:37 IST" duration-ms="6253">
    <groups>
    </groups>
    <test started-at="2025-01-28T16:07:31 IST" name="Default test" finished-at="2025-01-28T16:07:37 IST" duration-ms="6253">
      <class name="week4.day2.TestNG">
        <test-method signature="loginPage()[pri:0, instance:week4.day2.TestNG@3d34d211]" started-at="2025-01-28T16:07:31 IST" name="loginPage" finished-at="2025-01-28T16:07:37 IST" duration-ms="6215" status="PASS">
          <reporter-output>
          </reporter-output>
        </test-method> <!-- loginPage -->
      </class> <!-- week4.day2.TestNG -->
    </test> <!-- Default test -->
  </suite> <!-- Default suite -->
</testng-results>
